SimpleDht/app/build/intermediates/manifest_merge_blame_file/debug/manifest-merger-blame-debug-report.txt
1<?xml version="1.0" encoding="utf-8"?>
2<manifest xmlns:android="http://schemas.android.com/apk/res/android"
3    package="edu.buffalo.cse.cse486586.simpledht"
4    android:versionCode="1"
5    android:versionName="1.0" >
6
7    <uses-sdk
8        android:minSdkVersion="19"
8-->src\main\AndroidManifest.xml
9        android:targetSdkVersion="28" />
9-->src\main\AndroidManifest.xml
10
11    <uses-permission android:name="android.permission.INTERNET" />
11-->src\main\AndroidManifest.xml:7:5-66
11-->src\main\AndroidManifest.xml:7:22-64
12    <uses-permission android:name="android.permission.READ_PHONE_STATE" />
12-->src\main\AndroidManifest.xml:8:5-74
12-->src\main\AndroidManifest.xml:8:22-72
13    <uses-permission android:name="android.permission.WRITE_EXTERNAL_STORAGE" />
13-->src\main\AndroidManifest.xml:9:5-80
13-->src\main\AndroidManifest.xml:9:22-78
14    <uses-permission android:name="android.permission.WRITE_USER_DICTIONARY" />
14-->src\main\AndroidManifest.xml:10:5-79
14-->src\main\AndroidManifest.xml:10:22-77
15
16    <application
16-->src\main\AndroidManifest.xml:12:5-30:19
17        android:allowBackup="true"
17-->src\main\AndroidManifest.xml:13:9-35
18        android:debuggable="true"
19        android:icon="@drawable/ic_launcher"
19-->src\main\AndroidManifest.xml:14:9-45
20        android:label="@string/app_name"
20-->src\main\AndroidManifest.xml:15:9-41
21        android:testOnly="true"
22        android:theme="@style/AppTheme" >
22-->src\main\AndroidManifest.xml:16:9-40
23        <activity
23-->src\main\AndroidManifest.xml:17:9-25:20
24            android:name="edu.buffalo.cse.cse486586.simpledht.SimpleDhtActivity"
24-->src\main\AndroidManifest.xml:18:13-81
25            android:label="@string/app_name" >
25-->src\main\AndroidManifest.xml:19:13-45
26            <intent-filter>
26-->src\main\AndroidManifest.xml:20:13-24:29
27                <action android:name="android.intent.action.MAIN" />
27-->src\main\AndroidManifest.xml:21:17-69
27-->src\main\AndroidManifest.xml:21:25-66
28
29                <category android:name="android.intent.category.LAUNCHER" />
29-->src\main\AndroidManifest.xml:23:17-77
29-->src\main\AndroidManifest.xml:23:27-74
30            </intent-filter>
31        </activity>
32
33        <provider
33-->src\main\AndroidManifest.xml:27:9-28:82
34            android:name="edu.buffalo.cse.cse486586.simpledht.SimpleDhtProvider"
34-->src\main\AndroidManifest.xml:27:19-87
35            android:authorities="edu.buffalo.cse.cse486586.simpledht.provider" />
35-->src\main\AndroidManifest.xml:28:13-79
36    </application>
37
38</manifest>